<?xml version="1.0" encoding="UTF-8"?>
<testng-results ignored="0" total="1" passed="1" failed="0" skipped="0">
  <reporter-output>
  </reporter-output>
  <suite started-at="2022-06-06T16:40:37 IST" name="Default suite" finished-at="2022-06-06T16:41:54 IST" duration-ms="76428">
    <groups>
    </groups>
    <test started-at="2022-06-06T16:40:37 IST" name="Default test" finished-at="2022-06-06T16:41:54 IST" duration-ms="76428">
      <class name="com.Chezuba.TestCases.TC_001_LoginPage">
        <test-method is-config="true" signature="setUp()[pri:0, instance:com.Chezuba.TestCases.TC_001_LoginPage@6379eb]" started-at="2022-06-06T16:40:37 IST" name="setUp" finished-at="2022-06-06T16:40:51 IST" duration-ms="13311" status="PASS">
          <reporter-output>
          </reporter-output>
        </test-method> <!-- setUp -->
        <test-method signature="gmailLoginCheck()[pri:0, instance:com.Chezuba.TestCases.TC_001_LoginPage@6379eb]" started-at="2022-06-06T16:40:51 IST" name="gmailLoginCheck" finished-at="2022-06-06T16:41:52 IST" duration-ms="61496" status="PASS">
          <reporter-output>
          </reporter-output>
        </test-method> <!-- gmailLoginCheck -->
        <test-method is-config="true" signature="tearDown()[pri:0, instance:com.Chezuba.TestCases.TC_001_LoginPage@6379eb]" started-at="2022-06-06T16:41:52 IST" name="tearDown" finished-at="2022-06-06T16:41:54 IST" duration-ms="1557" status="PASS">
          <reporter-output>
          </reporter-output>
        </test-method> <!-- tearDown -->
      </class> <!-- com.Chezuba.TestCases.TC_001_LoginPage -->
    </test> <!-- Default test -->
  </suite> <!-- Default suite -->
</testng-results>
